DEBUG    [2020-11-26 14:43:46,619] Starting new HTTPS connection (1): api.telegram.org:443
DEBUG    [2020-11-26 14:43:46,902] https://api.telegram.org:443 "GET /bot1334671115:AAHoElmw-syingf5BVwU2_oFmg68SFMi9NE/getUpdates?offset=1&timeout=20 HTTP/1.1" 200 571
DEBUG    [2020-11-26 14:43:59,548] https://api.telegram.org:443 "GET /bot1334671115:AAHoElmw-syingf5BVwU2_oFmg68SFMi9NE/getUpdates?offset=867612557&timeout=20 HTTP/1.1" 200 809
DEBUG    [2020-11-26 14:44:19,635] https://api.telegram.org:443 "GET /bot1334671115:AAHoElmw-syingf5BVwU2_oFmg68SFMi9NE/getUpdates?offset=867612558&timeout=20 HTTP/1.1" 200 23
DEBUG    [2020-11-26 14:44:32,469] https://api.telegram.org:443 "GET /bot1334671115:AAHoElmw-syingf5BVwU2_oFmg68SFMi9NE/getUpdates?offset=867612558&timeout=20 HTTP/1.1" 200 615
DEBUG    [2020-11-26 14:44:52,562] https://api.telegram.org:443 "GET /bot1334671115:AAHoElmw-syingf5BVwU2_oFmg68SFMi9NE/getUpdates?offset=867612559&timeout=20 HTTP/1.1" 200 23
DEBUG    [2020-11-26 14:45:12,643] https://api.telegram.org:443 "GET /bot1334671115:AAHoElmw-syingf5BVwU2_oFmg68SFMi9NE/getUpdates?offset=867612559&timeout=20 HTTP/1.1" 200 23
DEBUG    [2020-11-26 14:45:33,800] Starting new HTTPS connection (1): api.telegram.org:443
DEBUG    [2020-11-26 14:45:42,862] https://api.telegram.org:443 "GET /bot1334671115:AAHoElmw-syingf5BVwU2_oFmg68SFMi9NE/getUpdates?offset=1&timeout=20 HTTP/1.1" 200 532
DEBUG    [2020-11-26 14:46:57,944] Starting new HTTPS connection (1): api.telegram.org:443
DEBUG    [2020-11-26 14:47:05,068] https://api.telegram.org:443 "GET /bot1334671115:AAHoElmw-syingf5BVwU2_oFmg68SFMi9NE/getUpdates?offset=1&timeout=20 HTTP/1.1" 200 532
DEBUG    [2020-11-26 14:47:25,153] https://api.telegram.org:443 "GET /bot1334671115:AAHoElmw-syingf5BVwU2_oFmg68SFMi9NE/getUpdates?offset=867612561&timeout=20 HTTP/1.1" 200 23
DEBUG    [2020-11-26 14:47:45,232] https://api.telegram.org:443 "GET /bot1334671115:AAHoElmw-syingf5BVwU2_oFmg68SFMi9NE/getUpdates?offset=867612561&timeout=20 HTTP/1.1" 200 23
DEBUG    [2020-11-26 14:48:31,699] Starting new HTTPS connection (1): api.telegram.org:443
DEBUG    [2020-11-26 14:48:34,139] https://api.telegram.org:443 "GET /bot1334671115:AAHoElmw-syingf5BVwU2_oFmg68SFMi9NE/getUpdates?offset=1&timeout=20 HTTP/1.1" 200 532
DEBUG    [2020-11-26 14:48:47,976] Starting new HTTPS connection (1): api.telegram.org:443
DEBUG    [2020-11-26 14:48:55,982] https://api.telegram.org:443 "GET /bot1334671115:AAHoElmw-syingf5BVwU2_oFmg68SFMi9NE/getUpdates?offset=1&timeout=20 HTTP/1.1" 200 571
DEBUG    [2020-11-26 14:48:55,985] Starting new HTTPS connection (1): api.telegram.org:443
DEBUG    [2020-11-26 14:48:56,261] https://api.telegram.org:443 "GET /bot1334671115:AAHoElmw-syingf5BVwU2_oFmg68SFMi9NE/getFile?file_id=BQACAgIAAxkBAAPRX796CjepLMPqSVFvWrrLeh0ww2AAAqAJAALfLQFKjgR-Ns9lmy4eBA HTTP/1.1" 200 193
DEBUG    [2020-11-26 14:48:56,340] https://api.telegram.org:443 "GET /file/bot1334671115:AAHoElmw-syingf5BVwU2_oFmg68SFMi9NE/documents/file_15.zip HTTP/1.1" 200 2871
DEBUG    [2020-11-26 14:48:56,451] https://api.telegram.org:443 "POST /bot1334671115:AAHoElmw-syingf5BVwU2_oFmg68SFMi9NE/sendMessage?chat_id=388769544&text=%D0%A4%D0%B0%D0%B9%D0%BB+%D1%81%D0%BE%D1%85%D1%80%D0%B0%D0%BD%D0%B5%D0%BD+%D0%B8+%D1%81%D0%BA%D0%BE%D1%80%D0%BE+%D0%B1%D1%83%D0%B4%D0%B5%D1%82+%D0%B7%D0%B0%D0%B3%D1%80%D1%83%D0%B6%D0%B5%D0%BD.+%D0%92%D1%8B+%D0%BF%D0%BE%D0%BB%D1%83%D1%87%D0%B8%D1%82%D0%B5+%D1%83%D0%B2%D0%B5%D0%B4%D0%BE%D0%BC%D0%BB%D0%B5%D0%BD%D0%B8%D0%B5&reply_to_message_id=209 HTTP/1.1" 200 1121
DEBUG    [2020-11-26 17:39:49,286] Starting new HTTPS connection (1): api.telegram.org:443
DEBUG    [2020-11-26 17:40:09,892] https://api.telegram.org:443 "GET /bot1334671115:AAHoElmw-syingf5BVwU2_oFmg68SFMi9NE/getUpdates?offset=1&timeout=20 HTTP/1.1" 200 23
DEBUG    [2020-11-26 17:40:30,123] https://api.telegram.org:443 "GET /bot1334671115:AAHoElmw-syingf5BVwU2_oFmg68SFMi9NE/getUpdates?offset=1&timeout=20 HTTP/1.1" 200 23
DEBUG    [2020-11-26 17:40:50,296] https://api.telegram.org:443 "GET /bot1334671115:AAHoElmw-syingf5BVwU2_oFmg68SFMi9NE/getUpdates?offset=1&timeout=20 HTTP/1.1" 200 23
DEBUG    [2020-11-26 17:40:50,911] https://api.telegram.org:443 "GET /bot1334671115:AAHoElmw-syingf5BVwU2_oFmg68SFMi9NE/getUpdates?offset=1&timeout=20 HTTP/1.1" 200 610
DEBUG    [2020-11-26 17:40:50,921] Starting new HTTPS connection (1): api.telegram.org:443
DEBUG    [2020-11-26 17:40:51,243] https://api.telegram.org:443 "GET /bot1334671115:AAHoElmw-syingf5BVwU2_oFmg68SFMi9NE/getFile?file_id=BQACAgIAAxkBAAPTX7-iVXsVhC2ViXTEPh-18yDDyr4AAvEJAALfLQFK7HTnUymT6vgeBA HTTP/1.1" 200 198
DEBUG    [2020-11-26 17:40:51,330] https://api.telegram.org:443 "GET /file/bot1334671115:AAHoElmw-syingf5BVwU2_oFmg68SFMi9NE/documents/file_16.torrent HTTP/1.1" 200 15212
DEBUG    [2020-11-26 17:40:51,486] https://api.telegram.org:443 "POST /bot1334671115:AAHoElmw-syingf5BVwU2_oFmg68SFMi9NE/sendMessage?chat_id=388769544&text=%D0%A4%D0%B0%D0%B9%D0%BB+%D1%81%D0%BE%D1%85%D1%80%D0%B0%D0%BD%D0%B5%D0%BD+%D0%B8+%D1%81%D0%BA%D0%BE%D1%80%D0%BE+%D0%B1%D1%83%D0%B4%D0%B5%D1%82+%D0%B7%D0%B0%D0%B3%D1%80%D1%83%D0%B6%D0%B5%D0%BD.+%D0%92%D1%8B+%D0%BF%D0%BE%D0%BB%D1%83%D1%87%D0%B8%D1%82%D0%B5+%D1%83%D0%B2%D0%B5%D0%B4%D0%BE%D0%BC%D0%BB%D0%B5%D0%BD%D0%B8%D0%B5.&reply_to_message_id=211 HTTP/1.1" 200 1161
DEBUG    [2020-11-26 17:40:51,634] https://api.telegram.org:443 "POST /bot1334671115:AAHoElmw-syingf5BVwU2_oFmg68SFMi9NE/sendMessage?chat_id=388769544&text=bufsize+must+be+an+integer&reply_to_message_id=211 HTTP/1.1" 200 865
DEBUG    [2020-11-26 17:41:11,013] https://api.telegram.org:443 "GET /bot1334671115:AAHoElmw-syingf5BVwU2_oFmg68SFMi9NE/getUpdates?offset=867612564&timeout=20 HTTP/1.1" 200 23
DEBUG    [2020-11-26 17:41:31,156] https://api.telegram.org:443 "GET /bot1334671115:AAHoElmw-syingf5BVwU2_oFmg68SFMi9NE/getUpdates?offset=867612564&timeout=20 HTTP/1.1" 200 23
DEBUG    [2020-11-26 17:41:51,429] https://api.telegram.org:443 "GET /bot1334671115:AAHoElmw-syingf5BVwU2_oFmg68SFMi9NE/getUpdates?offset=867612564&timeout=20 HTTP/1.1" 200 23
DEBUG    [2020-11-26 17:42:11,525] https://api.telegram.org:443 "GET /bot1334671115:AAHoElmw-syingf5BVwU2_oFmg68SFMi9NE/getUpdates?offset=867612564&timeout=20 HTTP/1.1" 200 23
DEBUG    [2020-11-26 17:42:31,780] https://api.telegram.org:443 "GET /bot1334671115:AAHoElmw-syingf5BVwU2_oFmg68SFMi9NE/getUpdates?offset=867612564&timeout=20 HTTP/1.1" 200 23
DEBUG    [2020-11-26 17:42:51,877] https://api.telegram.org:443 "GET /bot1334671115:AAHoElmw-syingf5BVwU2_oFmg68SFMi9NE/getUpdates?offset=867612564&timeout=20 HTTP/1.1" 200 23
DEBUG    [2020-11-26 17:42:59,997] Starting new HTTPS connection (1): api.telegram.org:443
DEBUG    [2020-11-26 17:43:08,585] https://api.telegram.org:443 "GET /bot1334671115:AAHoElmw-syingf5BVwU2_oFmg68SFMi9NE/getUpdates?offset=1&timeout=20 HTTP/1.1" 200 610
DEBUG    [2020-11-26 17:43:08,597] Starting new HTTPS connection (1): api.telegram.org:443
DEBUG    [2020-11-26 17:43:08,908] https://api.telegram.org:443 "GET /bot1334671115:AAHoElmw-syingf5BVwU2_oFmg68SFMi9NE/getFile?file_id=BQACAgIAAxkBAAPWX7-i3znrKSuOuGYZL86JwO4wWFcAAvEJAALfLQFK7HTnUymT6vgeBA HTTP/1.1" 200 198
DEBUG    [2020-11-26 17:43:09,010] https://api.telegram.org:443 "GET /file/bot1334671115:AAHoElmw-syingf5BVwU2_oFmg68SFMi9NE/documents/file_16.torrent HTTP/1.1" 200 15212
DEBUG    [2020-11-26 17:43:09,157] https://api.telegram.org:443 "POST /bot1334671115:AAHoElmw-syingf5BVwU2_oFmg68SFMi9NE/sendMessage?chat_id=388769544&text=%D0%A4%D0%B0%D0%B9%D0%BB+%D1%81%D0%BE%D1%85%D1%80%D0%B0%D0%BD%D0%B5%D0%BD+%D0%B8+%D1%81%D0%BA%D0%BE%D1%80%D0%BE+%D0%B1%D1%83%D0%B4%D0%B5%D1%82+%D0%B7%D0%B0%D0%B3%D1%80%D1%83%D0%B6%D0%B5%D0%BD.+%D0%92%D1%8B+%D0%BF%D0%BE%D0%BB%D1%83%D1%87%D0%B8%D1%82%D0%B5+%D1%83%D0%B2%D0%B5%D0%B4%D0%BE%D0%BC%D0%BB%D0%B5%D0%BD%D0%B8%D0%B5.&reply_to_message_id=214 HTTP/1.1" 200 1161
DEBUG    [2020-11-26 17:43:09,361] https://api.telegram.org:443 "POST /bot1334671115:AAHoElmw-syingf5BVwU2_oFmg68SFMi9NE/sendMessage?chat_id=388769544&text=%5BWinError+2%5D+%D0%9D%D0%B5+%D1%83%D0%B4%D0%B0%D0%B5%D1%82%D1%81%D1%8F+%D0%BD%D0%B0%D0%B9%D1%82%D0%B8+%D1%83%D0%BA%D0%B0%D0%B7%D0%B0%D0%BD%D0%BD%D1%8B%D0%B9+%D1%84%D0%B0%D0%B9%D0%BB&reply_to_message_id=214 HTTP/1.1" 200 1018
DEBUG    [2020-11-26 17:43:28,715] https://api.telegram.org:443 "GET /bot1334671115:AAHoElmw-syingf5BVwU2_oFmg68SFMi9NE/getUpdates?offset=867612565&timeout=20 HTTP/1.1" 200 23
DEBUG    [2020-11-26 17:43:48,992] https://api.telegram.org:443 "GET /bot1334671115:AAHoElmw-syingf5BVwU2_oFmg68SFMi9NE/getUpdates?offset=867612565&timeout=20 HTTP/1.1" 200 23
DEBUG    [2020-11-26 17:44:05,947] Starting new HTTPS connection (1): api.telegram.org:443
DEBUG    [2020-11-26 17:44:13,057] https://api.telegram.org:443 "GET /bot1334671115:AAHoElmw-syingf5BVwU2_oFmg68SFMi9NE/getUpdates?offset=1&timeout=20 HTTP/1.1" 200 610
DEBUG    [2020-11-26 17:44:13,069] Starting new HTTPS connection (1): api.telegram.org:443
DEBUG    [2020-11-26 17:44:13,347] https://api.telegram.org:443 "GET /bot1334671115:AAHoElmw-syingf5BVwU2_oFmg68SFMi9NE/getFile?file_id=BQACAgIAAxkBAAPZX7-jH5AQNuv6EU7olBfijI9cyYQAAvEJAALfLQFK7HTnUymT6vgeBA HTTP/1.1" 200 198
DEBUG    [2020-11-26 17:44:13,438] https://api.telegram.org:443 "GET /file/bot1334671115:AAHoElmw-syingf5BVwU2_oFmg68SFMi9NE/documents/file_16.torrent HTTP/1.1" 200 15212
DEBUG    [2020-11-26 17:44:13,672] https://api.telegram.org:443 "POST /bot1334671115:AAHoElmw-syingf5BVwU2_oFmg68SFMi9NE/sendMessage?chat_id=388769544&text=%D0%A4%D0%B0%D0%B9%D0%BB+%D1%81%D0%BE%D1%85%D1%80%D0%B0%D0%BD%D0%B5%D0%BD+%D0%B8+%D1%81%D0%BA%D0%BE%D1%80%D0%BE+%D0%B1%D1%83%D0%B4%D0%B5%D1%82+%D0%B7%D0%B0%D0%B3%D1%80%D1%83%D0%B6%D0%B5%D0%BD.+%D0%92%D1%8B+%D0%BF%D0%BE%D0%BB%D1%83%D1%87%D0%B8%D1%82%D0%B5+%D1%83%D0%B2%D0%B5%D0%B4%D0%BE%D0%BC%D0%BB%D0%B5%D0%BD%D0%B8%D0%B5.&reply_to_message_id=217 HTTP/1.1" 200 1161
DEBUG    [2020-11-26 17:44:13,813] https://api.telegram.org:443 "POST /bot1334671115:AAHoElmw-syingf5BVwU2_oFmg68SFMi9NE/sendMessage?chat_id=388769544&text=%5BWinError+2%5D+%D0%9D%D0%B5+%D1%83%D0%B4%D0%B0%D0%B5%D1%82%D1%81%D1%8F+%D0%BD%D0%B0%D0%B9%D1%82%D0%B8+%D1%83%D0%BA%D0%B0%D0%B7%D0%B0%D0%BD%D0%BD%D1%8B%D0%B9+%D1%84%D0%B0%D0%B9%D0%BB&reply_to_message_id=217 HTTP/1.1" 200 1018
DEBUG    [2020-11-26 17:44:33,231] https://api.telegram.org:443 "GET /bot1334671115:AAHoElmw-syingf5BVwU2_oFmg68SFMi9NE/getUpdates?offset=867612566&timeout=20 HTTP/1.1" 200 23
DEBUG    [2020-11-26 17:44:53,310] https://api.telegram.org:443 "GET /bot1334671115:AAHoElmw-syingf5BVwU2_oFmg68SFMi9NE/getUpdates?offset=867612566&timeout=20 HTTP/1.1" 200 23
DEBUG    [2020-11-26 17:45:13,476] https://api.telegram.org:443 "GET /bot1334671115:AAHoElmw-syingf5BVwU2_oFmg68SFMi9NE/getUpdates?offset=867612566&timeout=20 HTTP/1.1" 200 23
DEBUG    [2020-11-26 17:45:33,649] https://api.telegram.org:443 "GET /bot1334671115:AAHoElmw-syingf5BVwU2_oFmg68SFMi9NE/getUpdates?offset=867612566&timeout=20 HTTP/1.1" 200 23
DEBUG    [2020-11-26 17:45:53,730] https://api.telegram.org:443 "GET /bot1334671115:AAHoElmw-syingf5BVwU2_oFmg68SFMi9NE/getUpdates?offset=867612566&timeout=20 HTTP/1.1" 200 23
DEBUG    [2020-11-26 17:46:13,924] https://api.telegram.org:443 "GET /bot1334671115:AAHoElmw-syingf5BVwU2_oFmg68SFMi9NE/getUpdates?offset=867612566&timeout=20 HTTP/1.1" 200 23
DEBUG    [2020-11-26 17:46:28,214] Starting new HTTPS connection (1): api.telegram.org:443
DEBUG    [2020-11-26 17:46:40,214] https://api.telegram.org:443 "GET /bot1334671115:AAHoElmw-syingf5BVwU2_oFmg68SFMi9NE/getUpdates?offset=1&timeout=20 HTTP/1.1" 200 610
DEBUG    [2020-11-26 17:46:40,224] Starting new HTTPS connection (1): api.telegram.org:443
DEBUG    [2020-11-26 17:46:40,533] https://api.telegram.org:443 "GET /bot1334671115:AAHoElmw-syingf5BVwU2_oFmg68SFMi9NE/getFile?file_id=BQACAgIAAxkBAAPcX7-jshszVy_LoY9eVCxrNWyKO0EAAvEJAALfLQFK7HTnUymT6vgeBA HTTP/1.1" 200 198
DEBUG    [2020-11-26 17:46:40,625] https://api.telegram.org:443 "GET /file/bot1334671115:AAHoElmw-syingf5BVwU2_oFmg68SFMi9NE/documents/file_16.torrent HTTP/1.1" 200 15212
DEBUG    [2020-11-26 17:46:40,854] https://api.telegram.org:443 "POST /bot1334671115:AAHoElmw-syingf5BVwU2_oFmg68SFMi9NE/sendMessage?chat_id=388769544&text=%D0%A4%D0%B0%D0%B9%D0%BB+%D1%81%D0%BE%D1%85%D1%80%D0%B0%D0%BD%D0%B5%D0%BD+%D0%B8+%D1%81%D0%BA%D0%BE%D1%80%D0%BE+%D0%B1%D1%83%D0%B4%D0%B5%D1%82+%D0%B7%D0%B0%D0%B3%D1%80%D1%83%D0%B6%D0%B5%D0%BD.+%D0%92%D1%8B+%D0%BF%D0%BE%D0%BB%D1%83%D1%87%D0%B8%D1%82%D0%B5+%D1%83%D0%B2%D0%B5%D0%B4%D0%BE%D0%BC%D0%BB%D0%B5%D0%BD%D0%B8%D0%B5.&reply_to_message_id=220 HTTP/1.1" 200 1161
DEBUG    [2020-11-26 17:46:40,996] https://api.telegram.org:443 "POST /bot1334671115:AAHoElmw-syingf5BVwU2_oFmg68SFMi9NE/sendMessage?chat_id=388769544&text=str%28%29+takes+at+most+3+arguments+%285+given%29&reply_to_message_id=220 HTTP/1.1" 200 880
DEBUG    [2020-11-26 17:47:00,488] https://api.telegram.org:443 "GET /bot1334671115:AAHoElmw-syingf5BVwU2_oFmg68SFMi9NE/getUpdates?offset=867612567&timeout=20 HTTP/1.1" 200 23
DEBUG    [2020-11-26 17:47:20,662] https://api.telegram.org:443 "GET /bot1334671115:AAHoElmw-syingf5BVwU2_oFmg68SFMi9NE/getUpdates?offset=867612567&timeout=20 HTTP/1.1" 200 23
DEBUG    [2020-11-26 17:47:40,938] https://api.telegram.org:443 "GET /bot1334671115:AAHoElmw-syingf5BVwU2_oFmg68SFMi9NE/getUpdates?offset=867612567&timeout=20 HTTP/1.1" 200 23
DEBUG    [2020-11-26 17:47:50,380] Starting new HTTPS connection (1): api.telegram.org:443
DEBUG    [2020-11-26 17:47:59,782] https://api.telegram.org:443 "GET /bot1334671115:AAHoElmw-syingf5BVwU2_oFmg68SFMi9NE/getUpdates?offset=1&timeout=20 HTTP/1.1" 200 610
DEBUG    [2020-11-26 17:47:59,794] Starting new HTTPS connection (1): api.telegram.org:443
DEBUG    [2020-11-26 17:48:00,123] https://api.telegram.org:443 "GET /bot1334671115:AAHoElmw-syingf5BVwU2_oFmg68SFMi9NE/getFile?file_id=BQACAgIAAxkBAAPfX7-kAv79j2IWiYAP0tVxr83HfjAAAvEJAALfLQFK7HTnUymT6vgeBA HTTP/1.1" 200 198
DEBUG    [2020-11-26 17:48:00,218] https://api.telegram.org:443 "GET /file/bot1334671115:AAHoElmw-syingf5BVwU2_oFmg68SFMi9NE/documents/file_16.torrent HTTP/1.1" 200 15212
DEBUG    [2020-11-26 17:48:00,429] https://api.telegram.org:443 "POST /bot1334671115:AAHoElmw-syingf5BVwU2_oFmg68SFMi9NE/sendMessage?chat_id=388769544&text=%D0%A4%D0%B0%D0%B9%D0%BB+%D1%81%D0%BE%D1%85%D1%80%D0%B0%D0%BD%D0%B5%D0%BD+%D0%B8+%D1%81%D0%BA%D0%BE%D1%80%D0%BE+%D0%B1%D1%83%D0%B4%D0%B5%D1%82+%D0%B7%D0%B0%D0%B3%D1%80%D1%83%D0%B6%D0%B5%D0%BD.+%D0%92%D1%8B+%D0%BF%D0%BE%D0%BB%D1%83%D1%87%D0%B8%D1%82%D0%B5+%D1%83%D0%B2%D0%B5%D0%B4%D0%BE%D0%BC%D0%BB%D0%B5%D0%BD%D0%B8%D0%B5.&reply_to_message_id=223 HTTP/1.1" 200 1161
DEBUG    [2020-11-26 17:48:00,703] https://api.telegram.org:443 "POST /bot1334671115:AAHoElmw-syingf5BVwU2_oFmg68SFMi9NE/sendMessage?chat_id=388769544&text=decoding+str+is+not+supported&reply_to_message_id=223 HTTP/1.1" 200 868
DEBUG    [2020-11-26 17:48:19,862] https://api.telegram.org:443 "GET /bot1334671115:AAHoElmw-syingf5BVwU2_oFmg68SFMi9NE/getUpdates?offset=867612568&timeout=20 HTTP/1.1" 200 23
DEBUG    [2020-11-26 17:48:40,105] https://api.telegram.org:443 "GET /bot1334671115:AAHoElmw-syingf5BVwU2_oFmg68SFMi9NE/getUpdates?offset=867612568&timeout=20 HTTP/1.1" 200 23
DEBUG    [2020-11-26 17:49:00,200] https://api.telegram.org:443 "GET /bot1334671115:AAHoElmw-syingf5BVwU2_oFmg68SFMi9NE/getUpdates?offset=867612568&timeout=20 HTTP/1.1" 200 23
DEBUG    [2020-11-26 17:49:10,335] https://api.telegram.org:443 "GET /bot1334671115:AAHoElmw-syingf5BVwU2_oFmg68SFMi9NE/getUpdates?offset=867612568&timeout=20 HTTP/1.1" 200 757
DEBUG    [2020-11-26 17:49:10,348] Starting new HTTPS connection (1): api.telegram.org:443
DEBUG    [2020-11-26 17:49:10,646] https://api.telegram.org:443 "GET /bot1334671115:AAHoElmw-syingf5BVwU2_oFmg68SFMi9NE/getFile?file_id=BQACAgIAAxkBAAPiX7-kSM9nVgXldyOj81ClR2S-vEkAAvEJAALfLQFK7HTnUymT6vgeBA HTTP/1.1" 200 198
DEBUG    [2020-11-26 17:49:10,728] https://api.telegram.org:443 "GET /file/bot1334671115:AAHoElmw-syingf5BVwU2_oFmg68SFMi9NE/documents/file_16.torrent HTTP/1.1" 200 15212
DEBUG    [2020-11-26 17:49:10,840] https://api.telegram.org:443 "POST /bot1334671115:AAHoElmw-syingf5BVwU2_oFmg68SFMi9NE/sendMessage?chat_id=388769544&text=%D0%A4%D0%B0%D0%B9%D0%BB+%D1%81%D0%BE%D1%85%D1%80%D0%B0%D0%BD%D0%B5%D0%BD+%D0%B8+%D1%81%D0%BA%D0%BE%D1%80%D0%BE+%D0%B1%D1%83%D0%B4%D0%B5%D1%82+%D0%B7%D0%B0%D0%B3%D1%80%D1%83%D0%B6%D0%B5%D0%BD.+%D0%92%D1%8B+%D0%BF%D0%BE%D0%BB%D1%83%D1%87%D0%B8%D1%82%D0%B5+%D1%83%D0%B2%D0%B5%D0%B4%D0%BE%D0%BC%D0%BB%D0%B5%D0%BD%D0%B8%D0%B5.&reply_to_message_id=226 HTTP/1.1" 200 1308
DEBUG    [2020-11-26 17:49:10,952] https://api.telegram.org:443 "POST /bot1334671115:AAHoElmw-syingf5BVwU2_oFmg68SFMi9NE/sendMessage?chat_id=388769544&text=decoding+str+is+not+supported&reply_to_message_id=226 HTTP/1.1" 200 1015
DEBUG    [2020-11-26 17:49:30,421] https://api.telegram.org:443 "GET /bot1334671115:AAHoElmw-syingf5BVwU2_oFmg68SFMi9NE/getUpdates?offset=867612569&timeout=20 HTTP/1.1" 200 23
DEBUG    [2020-11-26 17:49:50,501] https://api.telegram.org:443 "GET /bot1334671115:AAHoElmw-syingf5BVwU2_oFmg68SFMi9NE/getUpdates?offset=867612569&timeout=20 HTTP/1.1" 200 23
DEBUG    [2020-11-26 17:50:10,582] https://api.telegram.org:443 "GET /bot1334671115:AAHoElmw-syingf5BVwU2_oFmg68SFMi9NE/getUpdates?offset=867612569&timeout=20 HTTP/1.1" 200 23
DEBUG    [2020-11-26 17:50:30,726] https://api.telegram.org:443 "GET /bot1334671115:AAHoElmw-syingf5BVwU2_oFmg68SFMi9NE/getUpdates?offset=867612569&timeout=20 HTTP/1.1" 200 23
DEBUG    [2020-11-26 17:50:50,802] https://api.telegram.org:443 "GET /bot1334671115:AAHoElmw-syingf5BVwU2_oFmg68SFMi9NE/getUpdates?offset=867612569&timeout=20 HTTP/1.1" 200 23
DEBUG    [2020-11-26 17:51:10,879] https://api.telegram.org:443 "GET /bot1334671115:AAHoElmw-syingf5BVwU2_oFmg68SFMi9NE/getUpdates?offset=867612569&timeout=20 HTTP/1.1" 200 23
DEBUG    [2020-11-26 17:51:30,965] https://api.telegram.org:443 "GET /bot1334671115:AAHoElmw-syingf5BVwU2_oFmg68SFMi9NE/getUpdates?offset=867612569&timeout=20 HTTP/1.1" 200 23
DEBUG    [2020-11-26 17:51:51,044] https://api.telegram.org:443 "GET /bot1334671115:AAHoElmw-syingf5BVwU2_oFmg68SFMi9NE/getUpdates?offset=867612569&timeout=20 HTTP/1.1" 200 23
DEBUG    [2020-11-26 17:52:14,449] Starting new HTTPS connection (1): api.telegram.org:443
DEBUG    [2020-11-26 17:52:21,031] https://api.telegram.org:443 "GET /bot1334671115:AAHoElmw-syingf5BVwU2_oFmg68SFMi9NE/getUpdates?offset=1&timeout=20 HTTP/1.1" 200 757
DEBUG    [2020-11-26 17:52:21,046] Starting new HTTPS connection (1): api.telegram.org:443
DEBUG    [2020-11-26 17:52:21,362] https://api.telegram.org:443 "GET /bot1334671115:AAHoElmw-syingf5BVwU2_oFmg68SFMi9NE/getFile?file_id=BQACAgIAAxkBAAPlX7-lB-fd5jJk74I_Sb3l9dMRjr0AAvEJAALfLQFK7HTnUymT6vgeBA HTTP/1.1" 200 198
DEBUG    [2020-11-26 17:52:21,457] https://api.telegram.org:443 "GET /file/bot1334671115:AAHoElmw-syingf5BVwU2_oFmg68SFMi9NE/documents/file_16.torrent HTTP/1.1" 200 15212
DEBUG    [2020-11-26 17:52:21,589] https://api.telegram.org:443 "POST /bot1334671115:AAHoElmw-syingf5BVwU2_oFmg68SFMi9NE/sendMessage?chat_id=388769544&text=%D0%A4%D0%B0%D0%B9%D0%BB+%D1%81%D0%BE%D1%85%D1%80%D0%B0%D0%BD%D0%B5%D0%BD+%D0%B8+%D1%81%D0%BA%D0%BE%D1%80%D0%BE+%D0%B1%D1%83%D0%B4%D0%B5%D1%82+%D0%B7%D0%B0%D0%B3%D1%80%D1%83%D0%B6%D0%B5%D0%BD.+%D0%92%D1%8B+%D0%BF%D0%BE%D0%BB%D1%83%D1%87%D0%B8%D1%82%D0%B5+%D1%83%D0%B2%D0%B5%D0%B4%D0%BE%D0%BC%D0%BB%D0%B5%D0%BD%D0%B8%D0%B5.&reply_to_message_id=229 HTTP/1.1" 200 1308
DEBUG    [2020-11-26 17:52:21,708] https://api.telegram.org:443 "POST /bot1334671115:AAHoElmw-syingf5BVwU2_oFmg68SFMi9NE/sendMessage?chat_id=388769544&text=decoding+str+is+not+supported&reply_to_message_id=229 HTTP/1.1" 200 1015
DEBUG    [2020-11-26 17:52:41,142] https://api.telegram.org:443 "GET /bot1334671115:AAHoElmw-syingf5BVwU2_oFmg68SFMi9NE/getUpdates?offset=867612570&timeout=20 HTTP/1.1" 200 23
DEBUG    [2020-11-26 17:53:01,242] https://api.telegram.org:443 "GET /bot1334671115:AAHoElmw-syingf5BVwU2_oFmg68SFMi9NE/getUpdates?offset=867612570&timeout=20 HTTP/1.1" 200 23
DEBUG    [2020-11-26 17:53:27,381] Starting new HTTPS connection (1): api.telegram.org:443
DEBUG    [2020-11-26 17:53:27,654] https://api.telegram.org:443 "GET /bot1334671115:AAHoElmw-syingf5BVwU2_oFmg68SFMi9NE/getUpdates?offset=1&timeout=20 HTTP/1.1" 200 1508
DEBUG    [2020-11-26 17:53:27,658] Starting new HTTPS connection (1): api.telegram.org:443
DEBUG    [2020-11-26 17:53:27,659] Starting new HTTPS connection (1): api.telegram.org:443
DEBUG    [2020-11-26 17:53:27,933] https://api.telegram.org:443 "GET /bot1334671115:AAHoElmw-syingf5BVwU2_oFmg68SFMi9NE/getFile?file_id=BQACAgIAAxkBAAPpX7-lRAsDOZaeixG8ReN5sejNMmEAAvEJAALfLQFK7HTnUymT6vgeBA HTTP/1.1" 200 198
DEBUG    [2020-11-26 17:53:27,941] https://api.telegram.org:443 "POST /bot1334671115:AAHoElmw-syingf5BVwU2_oFmg68SFMi9NE/sendMessage?chat_id=388769544&text=%D0%AF+%D1%82%D0%B5%D0%B1%D1%8F+%D0%BD%D0%B5+%D0%BF%D0%BE%D0%BD%D0%B8%D0%BC%D0%B0%D1%8E.+%D0%9D%D0%B0%D0%BF%D0%B8%D1%88%D0%B8+%2Fhelp. HTTP/1.1" 200 458
DEBUG    [2020-11-26 17:53:28,020] https://api.telegram.org:443 "GET /file/bot1334671115:AAHoElmw-syingf5BVwU2_oFmg68SFMi9NE/documents/file_16.torrent HTTP/1.1" 200 15212
DEBUG    [2020-11-26 17:53:28,128] https://api.telegram.org:443 "POST /bot1334671115:AAHoElmw-syingf5BVwU2_oFmg68SFMi9NE/sendMessage?chat_id=388769544&text=%D0%A4%D0%B0%D0%B9%D0%BB+%D1%81%D0%BE%D1%85%D1%80%D0%B0%D0%BD%D0%B5%D0%BD+%D0%B8+%D1%81%D0%BA%D0%BE%D1%80%D0%BE+%D0%B1%D1%83%D0%B4%D0%B5%D1%82+%D0%B7%D0%B0%D0%B3%D1%80%D1%83%D0%B6%D0%B5%D0%BD.+%D0%92%D1%8B+%D0%BF%D0%BE%D0%BB%D1%83%D1%87%D0%B8%D1%82%D0%B5+%D1%83%D0%B2%D0%B5%D0%B4%D0%BE%D0%BC%D0%BB%D0%B5%D0%BD%D0%B8%D0%B5.&reply_to_message_id=233 HTTP/1.1" 200 1308
DEBUG    [2020-11-26 19:36:30,957] Starting new HTTPS connection (1): api.telegram.org:443
DEBUG    [2020-11-26 19:36:31,331] https://api.telegram.org:443 "POST /bot1334671115:AAHoElmw-syingf5BVwU2_oFmg68SFMi9NE/sendPhoto?chat_id=%3Cbound+method+TeleBot.get_chat+of+%3Ctelebot.TeleBot+object+at+0x000002BC22AB96A0%3E%3E HTTP/1.1" 400 73
DEBUG    [2020-11-26 19:37:21,449] Starting new HTTPS connection (1): api.telegram.org:443
DEBUG    [2020-11-26 19:37:21,769] https://api.telegram.org:443 "GET /bot1334671115:AAHoElmw-syingf5BVwU2_oFmg68SFMi9NE/getUpdates?offset=1&timeout=20 HTTP/1.1" 200 347
DEBUG    [2020-11-26 19:37:21,772] Starting new HTTPS connection (1): api.telegram.org:443
DEBUG    [2020-11-26 19:37:22,079] https://api.telegram.org:443 "POST /bot1334671115:AAHoElmw-syingf5BVwU2_oFmg68SFMi9NE/sendMessage?chat_id=388769544&text=%D0%AF+%D1%82%D0%B5%D0%B1%D1%8F+%D0%BD%D0%B5+%D0%BF%D0%BE%D0%BD%D0%B8%D0%BC%D0%B0%D1%8E.+%D0%9D%D0%B0%D0%BF%D0%B8%D1%88%D0%B8+%2Fhelp. HTTP/1.1" 200 458
DEBUG    [2020-11-26 19:37:35,463] https://api.telegram.org:443 "GET /bot1334671115:AAHoElmw-syingf5BVwU2_oFmg68SFMi9NE/getUpdates?offset=867612573&timeout=20 HTTP/1.1" 200 329
DEBUG    [2020-11-26 19:37:35,474] Starting new HTTPS connection (1): api.telegram.org:443
DEBUG    [2020-11-26 19:37:35,775] https://api.telegram.org:443 "POST /bot1334671115:AAHoElmw-syingf5BVwU2_oFmg68SFMi9NE/sendMessage?chat_id=388769544&text=%D0%AF+%D1%82%D0%B5%D0%B1%D1%8F+%D0%BD%D0%B5+%D0%BF%D0%BE%D0%BD%D0%B8%D0%BC%D0%B0%D1%8E.+%D0%9D%D0%B0%D0%BF%D0%B8%D1%88%D0%B8+%2Fhelp. HTTP/1.1" 200 458
DEBUG    [2020-11-26 19:37:55,646] https://api.telegram.org:443 "GET /bot1334671115:AAHoElmw-syingf5BVwU2_oFmg68SFMi9NE/getUpdates?offset=867612574&timeout=20 HTTP/1.1" 200 23
DEBUG    [2020-11-26 19:38:15,743] https://api.telegram.org:443 "GET /bot1334671115:AAHoElmw-syingf5BVwU2_oFmg68SFMi9NE/getUpdates?offset=867612574&timeout=20 HTTP/1.1" 200 23
DEBUG    [2020-11-26 19:38:35,994] https://api.telegram.org:443 "GET /bot1334671115:AAHoElmw-syingf5BVwU2_oFmg68SFMi9NE/getUpdates?offset=867612574&timeout=20 HTTP/1.1" 200 23
DEBUG    [2020-11-26 19:38:56,091] https://api.telegram.org:443 "GET /bot1334671115:AAHoElmw-syingf5BVwU2_oFmg68SFMi9NE/getUpdates?offset=867612574&timeout=20 HTTP/1.1" 200 23
DEBUG    [2020-11-26 19:39:16,239] https://api.telegram.org:443 "GET /bot1334671115:AAHoElmw-syingf5BVwU2_oFmg68SFMi9NE/getUpdates?offset=867612574&timeout=20 HTTP/1.1" 200 23
DEBUG    [2020-11-26 19:39:17,469] https://api.telegram.org:443 "GET /bot1334671115:AAHoElmw-syingf5BVwU2_oFmg68SFMi9NE/getUpdates?offset=867612574&timeout=20 HTTP/1.1" 200 980
DEBUG    [2020-11-26 19:39:17,551] https://api.telegram.org:443 "GET /bot1334671115:AAHoElmw-syingf5BVwU2_oFmg68SFMi9NE/getFile?file_id=AgACAgIAAxkBAAPwX7--F8vYKDpoLIbgzljb1Ly8s9wAAqiwMRvfLQFKUF2WewTDs9oj1laZLgADAQADAgADeQAD0VQBAAEeBA HTTP/1.1" 200 224
DEBUG    [2020-11-26 19:39:17,699] https://api.telegram.org:443 "GET /file/bot1334671115:AAHoElmw-syingf5BVwU2_oFmg68SFMi9NE/photos/file_13.jpg HTTP/1.1" 200 75134
DEBUG    [2020-11-26 19:39:17,872] https://api.telegram.org:443 "POST /bot1334671115:AAHoElmw-syingf5BVwU2_oFmg68SFMi9NE/sendMessage?chat_id=388769544&text=%D0%A4%D0%B0%D0%B9%D0%BB+%D1%83%D1%81%D0%BF%D0%B5%D1%88%D0%BD%D0%BE+%D0%B4%D0%BE%D0%B1%D0%B0%D0%B2%D0%BB%D0%B5%D0%BD.+%D0%A1%D1%81%D1%8B%D0%BB%D0%BA%D0%B0+%D0%BD%D0%B0+%D0%B7%D0%B0%D0%B3%D1%80%D1%83%D0%B7%D0%BA%D1%83%3A+soon HTTP/1.1" 200 489
DEBUG    [2020-11-26 19:39:37,743] https://api.telegram.org:443 "GET /bot1334671115:AAHoElmw-syingf5BVwU2_oFmg68SFMi9NE/getUpdates?offset=867612575&timeout=20 HTTP/1.1" 200 23
DEBUG    [2020-11-26 19:39:42,772] Starting new HTTPS connection (1): api.telegram.org:443
DEBUG    [2020-11-26 19:39:48,396] https://api.telegram.org:443 "GET /bot1334671115:AAHoElmw-syingf5BVwU2_oFmg68SFMi9NE/getUpdates?offset=1&timeout=20 HTTP/1.1" 200 359
DEBUG    [2020-11-26 19:39:48,410] Starting new HTTPS connection (1): api.telegram.org:443
DEBUG    [2020-11-26 19:39:48,910] https://api.telegram.org:443 "POST /bot1334671115:AAHoElmw-syingf5BVwU2_oFmg68SFMi9NE/sendPhoto?chat_id=%3Cbound+method+TeleBot.get_chat+of+%3Ctelebot.TeleBot+object+at+0x000001A7837296D0%3E%3E HTTP/1.1" 400 73
ERROR    [2020-11-26 19:39:48,914] A request to the Telegram API was unsuccessful. Error code: 400. Description: Bad Request: chat not found
DEBUG    [2020-11-26 19:40:52,896] Starting new HTTPS connection (1): api.telegram.org:443
DEBUG    [2020-11-26 19:41:02,534] https://api.telegram.org:443 "GET /bot1334671115:AAHoElmw-syingf5BVwU2_oFmg68SFMi9NE/getUpdates?offset=1&timeout=20 HTTP/1.1" 200 359
DEBUG    [2020-11-26 19:41:02,537] Starting new HTTPS connection (1): api.telegram.org:443
DEBUG    [2020-11-26 19:41:03,239] https://api.telegram.org:443 "POST /bot1334671115:AAHoElmw-syingf5BVwU2_oFmg68SFMi9NE/sendPhoto?chat_id=388769544 HTTP/1.1" 200 856
DEBUG    [2020-11-26 19:42:07,449] Starting new HTTPS connection (1): api.telegram.org:443
DEBUG    [2020-11-26 19:42:12,783] https://api.telegram.org:443 "GET /bot1334671115:AAHoElmw-syingf5BVwU2_oFmg68SFMi9NE/getUpdates?offset=1&timeout=20 HTTP/1.1" 200 359
DEBUG    [2020-11-26 19:42:12,787] Starting new HTTPS connection (1): api.telegram.org:443
DEBUG    [2020-11-26 19:42:13,232] https://api.telegram.org:443 "POST /bot1334671115:AAHoElmw-syingf5BVwU2_oFmg68SFMi9NE/sendPhoto?chat_id=388769544 HTTP/1.1" 200 856
DEBUG    [2020-11-26 19:47:14,982] Starting new HTTPS connection (1): api.telegram.org:443
DEBUG    [2020-11-26 19:47:23,582] https://api.telegram.org:443 "GET /bot1334671115:AAHoElmw-syingf5BVwU2_oFmg68SFMi9NE/getUpdates?offset=1&timeout=20 HTTP/1.1" 200 347
DEBUG    [2020-11-26 19:47:33,142] https://api.telegram.org:443 "GET /bot1334671115:AAHoElmw-syingf5BVwU2_oFmg68SFMi9NE/getUpdates?offset=867612579&timeout=20 HTTP/1.1" 200 323
DEBUG    [2020-11-26 19:47:53,382] https://api.telegram.org:443 "GET /bot1334671115:AAHoElmw-syingf5BVwU2_oFmg68SFMi9NE/getUpdates?offset=867612580&timeout=20 HTTP/1.1" 200 23
DEBUG    [2020-11-26 19:48:13,657] https://api.telegram.org:443 "GET /bot1334671115:AAHoElmw-syingf5BVwU2_oFmg68SFMi9NE/getUpdates?offset=867612580&timeout=20 HTTP/1.1" 200 23
DEBUG    [2020-11-26 19:48:24,194] Starting new HTTPS connection (1): api.telegram.org:443
DEBUG    [2020-11-26 19:48:29,326] https://api.telegram.org:443 "GET /bot1334671115:AAHoElmw-syingf5BVwU2_oFmg68SFMi9NE/getUpdates?offset=1&timeout=20 HTTP/1.1" 200 347
DEBUG    [2020-11-26 19:50:59,025] Starting new HTTPS connection (1): api.telegram.org:443
DEBUG    [2020-11-26 19:51:04,058] https://api.telegram.org:443 "GET /bot1334671115:AAHoElmw-syingf5BVwU2_oFmg68SFMi9NE/getUpdates?offset=1&timeout=20 HTTP/1.1" 200 347
DEBUG    [2020-11-26 19:51:04,062] Starting new HTTPS connection (1): api.telegram.org:443
DEBUG    [2020-11-26 19:51:04,437] https://api.telegram.org:443 "POST /bot1334671115:AAHoElmw-syingf5BVwU2_oFmg68SFMi9NE/sendMessage?chat_id=388769544&text=local+variable+%27waytofile%27+referenced+before+assignment&reply_to_message_id=250 HTTP/1.1" 200 631
DEBUG    [2020-11-26 19:51:24,335] https://api.telegram.org:443 "GET /bot1334671115:AAHoElmw-syingf5BVwU2_oFmg68SFMi9NE/getUpdates?offset=867612582&timeout=20 HTTP/1.1" 200 23
DEBUG    [2020-11-26 19:51:43,573] Starting new HTTPS connection (1): api.telegram.org:443
DEBUG    [2020-11-26 19:51:47,069] https://api.telegram.org:443 "GET /bot1334671115:AAHoElmw-syingf5BVwU2_oFmg68SFMi9NE/getUpdates?offset=1&timeout=20 HTTP/1.1" 200 329
DEBUG    [2020-11-26 19:51:52,804] https://api.telegram.org:443 "GET /bot1334671115:AAHoElmw-syingf5BVwU2_oFmg68SFMi9NE/getUpdates?offset=867612583&timeout=20 HTTP/1.1" 200 330
DEBUG    [2020-11-26 19:52:13,079] https://api.telegram.org:443 "GET /bot1334671115:AAHoElmw-syingf5BVwU2_oFmg68SFMi9NE/getUpdates?offset=867612584&timeout=20 HTTP/1.1" 200 23
DEBUG    [2020-11-26 19:52:33,159] https://api.telegram.org:443 "GET /bot1334671115:AAHoElmw-syingf5BVwU2_oFmg68SFMi9NE/getUpdates?offset=867612584&timeout=20 HTTP/1.1" 200 23
DEBUG    [2020-11-26 19:52:53,427] https://api.telegram.org:443 "GET /bot1334671115:AAHoElmw-syingf5BVwU2_oFmg68SFMi9NE/getUpdates?offset=867612584&timeout=20 HTTP/1.1" 200 23
DEBUG    [2020-11-26 19:53:13,601] https://api.telegram.org:443 "GET /bot1334671115:AAHoElmw-syingf5BVwU2_oFmg68SFMi9NE/getUpdates?offset=867612584&timeout=20 HTTP/1.1" 200 23
DEBUG    [2020-11-26 19:53:33,877] https://api.telegram.org:443 "GET /bot1334671115:AAHoElmw-syingf5BVwU2_oFmg68SFMi9NE/getUpdates?offset=867612584&timeout=20 HTTP/1.1" 200 23
DEBUG    [2020-11-26 19:53:53,961] https://api.telegram.org:443 "GET /bot1334671115:AAHoElmw-syingf5BVwU2_oFmg68SFMi9NE/getUpdates?offset=867612584&timeout=20 HTTP/1.1" 200 23
DEBUG    [2020-11-26 19:54:14,124] https://api.telegram.org:443 "GET /bot1334671115:AAHoElmw-syingf5BVwU2_oFmg68SFMi9NE/getUpdates?offset=867612584&timeout=20 HTTP/1.1" 200 23
DEBUG    [2020-11-26 19:54:34,397] https://api.telegram.org:443 "GET /bot1334671115:AAHoElmw-syingf5BVwU2_oFmg68SFMi9NE/getUpdates?offset=867612584&timeout=20 HTTP/1.1" 200 23
DEBUG    [2020-11-26 19:54:54,676] https://api.telegram.org:443 "GET /bot1334671115:AAHoElmw-syingf5BVwU2_oFmg68SFMi9NE/getUpdates?offset=867612584&timeout=20 HTTP/1.1" 200 23
DEBUG    [2020-11-26 19:55:14,950] https://api.telegram.org:443 "GET /bot1334671115:AAHoElmw-syingf5BVwU2_oFmg68SFMi9NE/getUpdates?offset=867612584&timeout=20 HTTP/1.1" 200 23
DEBUG    [2020-11-26 19:55:31,657] Starting new HTTPS connection (1): api.telegram.org:443
DEBUG    [2020-11-26 19:55:35,432] https://api.telegram.org:443 "GET /bot1334671115:AAHoElmw-syingf5BVwU2_oFmg68SFMi9NE/getUpdates?offset=1&timeout=20 HTTP/1.1" 200 317
DEBUG    [2020-11-26 19:55:41,074] https://api.telegram.org:443 "GET /bot1334671115:AAHoElmw-syingf5BVwU2_oFmg68SFMi9NE/getUpdates?offset=867612585&timeout=20 HTTP/1.1" 200 330
DEBUG    [2020-11-26 19:56:01,339] https://api.telegram.org:443 "GET /bot1334671115:AAHoElmw-syingf5BVwU2_oFmg68SFMi9NE/getUpdates?offset=867612586&timeout=20 HTTP/1.1" 200 23
DEBUG    [2020-11-26 19:56:21,615] https://api.telegram.org:443 "GET /bot1334671115:AAHoElmw-syingf5BVwU2_oFmg68SFMi9NE/getUpdates?offset=867612586&timeout=20 HTTP/1.1" 200 23
DEBUG    [2020-11-26 19:56:41,744] https://api.telegram.org:443 "GET /bot1334671115:AAHoElmw-syingf5BVwU2_oFmg68SFMi9NE/getUpdates?offset=867612586&timeout=20 HTTP/1.1" 200 23
DEBUG    [2020-11-26 19:57:01,860] https://api.telegram.org:443 "GET /bot1334671115:AAHoElmw-syingf5BVwU2_oFmg68SFMi9NE/getUpdates?offset=867612586&timeout=20 HTTP/1.1" 200 23
DEBUG    [2020-11-26 19:57:22,136] https://api.telegram.org:443 "GET /bot1334671115:AAHoElmw-syingf5BVwU2_oFmg68SFMi9NE/getUpdates?offset=867612586&timeout=20 HTTP/1.1" 200 23
DEBUG    [2020-11-26 19:57:42,310] https://api.telegram.org:443 "GET /bot1334671115:AAHoElmw-syingf5BVwU2_oFmg68SFMi9NE/getUpdates?offset=867612586&timeout=20 HTTP/1.1" 200 23
DEBUG    [2020-11-26 19:58:02,483] https://api.telegram.org:443 "GET /bot1334671115:AAHoElmw-syingf5BVwU2_oFmg68SFMi9NE/getUpdates?offset=867612586&timeout=20 HTTP/1.1" 200 23
DEBUG    [2020-11-26 19:58:22,657] https://api.telegram.org:443 "GET /bot1334671115:AAHoElmw-syingf5BVwU2_oFmg68SFMi9NE/getUpdates?offset=867612586&timeout=20 HTTP/1.1" 200 23
DEBUG    [2020-11-26 19:58:42,750] https://api.telegram.org:443 "GET /bot1334671115:AAHoElmw-syingf5BVwU2_oFmg68SFMi9NE/getUpdates?offset=867612586&timeout=20 HTTP/1.1" 200 23
DEBUG    [2020-11-26 19:59:03,414] https://api.telegram.org:443 "GET /bot1334671115:AAHoElmw-syingf5BVwU2_oFmg68SFMi9NE/getUpdates?offset=867612586&timeout=20 HTTP/1.1" 200 23
DEBUG    [2020-11-26 19:59:10,675] Starting new HTTPS connection (1): api.telegram.org:443
DEBUG    [2020-11-26 19:59:14,853] https://api.telegram.org:443 "GET /bot1334671115:AAHoElmw-syingf5BVwU2_oFmg68SFMi9NE/getUpdates?offset=1&timeout=20 HTTP/1.1" 200 359
DEBUG    [2020-11-26 19:59:34,936] https://api.telegram.org:443 "GET /bot1334671115:AAHoElmw-syingf5BVwU2_oFmg68SFMi9NE/getUpdates?offset=867612587&timeout=20 HTTP/1.1" 200 23
DEBUG    [2020-11-26 19:59:55,027] https://api.telegram.org:443 "GET /bot1334671115:AAHoElmw-syingf5BVwU2_oFmg68SFMi9NE/getUpdates?offset=867612587&timeout=20 HTTP/1.1" 200 23
DEBUG    [2020-11-26 20:00:15,136] https://api.telegram.org:443 "GET /bot1334671115:AAHoElmw-syingf5BVwU2_oFmg68SFMi9NE/getUpdates?offset=867612587&timeout=20 HTTP/1.1" 200 23
DEBUG    [2020-11-26 20:00:35,233] https://api.telegram.org:443 "GET /bot1334671115:AAHoElmw-syingf5BVwU2_oFmg68SFMi9NE/getUpdates?offset=867612587&timeout=20 HTTP/1.1" 200 23
DEBUG    [2020-11-26 20:00:55,320] https://api.telegram.org:443 "GET /bot1334671115:AAHoElmw-syingf5BVwU2_oFmg68SFMi9NE/getUpdates?offset=867612587&timeout=20 HTTP/1.1" 200 23
DEBUG    [2020-11-26 20:01:15,410] https://api.telegram.org:443 "GET /bot1334671115:AAHoElmw-syingf5BVwU2_oFmg68SFMi9NE/getUpdates?offset=867612587&timeout=20 HTTP/1.1" 200 23
DEBUG    [2020-11-26 20:01:35,498] https://api.telegram.org:443 "GET /bot1334671115:AAHoElmw-syingf5BVwU2_oFmg68SFMi9NE/getUpdates?offset=867612587&timeout=20 HTTP/1.1" 200 23
DEBUG    [2020-11-26 20:01:55,592] https://api.telegram.org:443 "GET /bot1334671115:AAHoElmw-syingf5BVwU2_oFmg68SFMi9NE/getUpdates?offset=867612587&timeout=20 HTTP/1.1" 200 23
DEBUG    [2020-11-26 20:02:15,685] https://api.telegram.org:443 "GET /bot1334671115:AAHoElmw-syingf5BVwU2_oFmg68SFMi9NE/getUpdates?offset=867612587&timeout=20 HTTP/1.1" 200 23
DEBUG    [2020-11-26 20:02:35,801] https://api.telegram.org:443 "GET /bot1334671115:AAHoElmw-syingf5BVwU2_oFmg68SFMi9NE/getUpdates?offset=867612587&timeout=20 HTTP/1.1" 200 23
DEBUG    [2020-11-26 20:02:55,890] https://api.telegram.org:443 "GET /bot1334671115:AAHoElmw-syingf5BVwU2_oFmg68SFMi9NE/getUpdates?offset=867612587&timeout=20 HTTP/1.1" 200 23
DEBUG    [2020-11-26 20:03:15,997] https://api.telegram.org:443 "GET /bot1334671115:AAHoElmw-syingf5BVwU2_oFmg68SFMi9NE/getUpdates?offset=867612587&timeout=20 HTTP/1.1" 200 23
DEBUG    [2020-11-26 20:03:36,092] https://api.telegram.org:443 "GET /bot1334671115:AAHoElmw-syingf5BVwU2_oFmg68SFMi9NE/getUpdates?offset=867612587&timeout=20 HTTP/1.1" 200 23
DEBUG    [2020-11-26 20:03:46,061] Starting new HTTPS connection (1): api.telegram.org:443
DEBUG    [2020-11-26 20:03:49,944] https://api.telegram.org:443 "GET /bot1334671115:AAHoElmw-syingf5BVwU2_oFmg68SFMi9NE/getUpdates?offset=1&timeout=20 HTTP/1.1" 200 329
DEBUG    [2020-11-26 20:04:10,117] https://api.telegram.org:443 "GET /bot1334671115:AAHoElmw-syingf5BVwU2_oFmg68SFMi9NE/getUpdates?offset=867612588&timeout=20 HTTP/1.1" 200 23
DEBUG    [2020-11-26 20:04:30,335] https://api.telegram.org:443 "GET /bot1334671115:AAHoElmw-syingf5BVwU2_oFmg68SFMi9NE/getUpdates?offset=867612588&timeout=20 HTTP/1.1" 200 23
DEBUG    [2020-11-26 20:04:50,464] https://api.telegram.org:443 "GET /bot1334671115:AAHoElmw-syingf5BVwU2_oFmg68SFMi9NE/getUpdates?offset=867612588&timeout=20 HTTP/1.1" 200 23
DEBUG    [2020-11-26 20:04:54,168] Starting new HTTPS connection (1): api.telegram.org:443
DEBUG    [2020-11-26 20:04:58,145] https://api.telegram.org:443 "GET /bot1334671115:AAHoElmw-syingf5BVwU2_oFmg68SFMi9NE/getUpdates?offset=1&timeout=20 HTTP/1.1" 200 341
DEBUG    [2020-11-26 20:05:18,318] https://api.telegram.org:443 "GET /bot1334671115:AAHoElmw-syingf5BVwU2_oFmg68SFMi9NE/getUpdates?offset=867612589&timeout=20 HTTP/1.1" 200 23
DEBUG    [2020-11-26 20:05:38,491] https://api.telegram.org:443 "GET /bot1334671115:AAHoElmw-syingf5BVwU2_oFmg68SFMi9NE/getUpdates?offset=867612589&timeout=20 HTTP/1.1" 200 23
DEBUG    [2020-11-26 20:05:58,666] https://api.telegram.org:443 "GET /bot1334671115:AAHoElmw-syingf5BVwU2_oFmg68SFMi9NE/getUpdates?offset=867612589&timeout=20 HTTP/1.1" 200 23
DEBUG    [2020-11-26 20:06:18,841] https://api.telegram.org:443 "GET /bot1334671115:AAHoElmw-syingf5BVwU2_oFmg68SFMi9NE/getUpdates?offset=867612589&timeout=20 HTTP/1.1" 200 23
DEBUG    [2020-11-26 20:06:19,646] Starting new HTTPS connection (1): api.telegram.org:443
DEBUG    [2020-11-26 20:06:22,975] https://api.telegram.org:443 "GET /bot1334671115:AAHoElmw-syingf5BVwU2_oFmg68SFMi9NE/getUpdates?offset=1&timeout=20 HTTP/1.1" 200 341
DEBUG    [2020-11-26 20:06:27,441] https://api.telegram.org:443 "GET /bot1334671115:AAHoElmw-syingf5BVwU2_oFmg68SFMi9NE/getUpdates?offset=867612590&timeout=20 HTTP/1.1" 200 336
DEBUG    [2020-11-26 20:06:30,717] https://api.telegram.org:443 "GET /bot1334671115:AAHoElmw-syingf5BVwU2_oFmg68SFMi9NE/getUpdates?offset=867612591&timeout=20 HTTP/1.1" 200 359
DEBUG    [2020-11-26 20:06:35,634] https://api.telegram.org:443 "GET /bot1334671115:AAHoElmw-syingf5BVwU2_oFmg68SFMi9NE/getUpdates?offset=867612592&timeout=20 HTTP/1.1" 200 359
DEBUG    [2020-11-26 20:06:35,636] Starting new HTTPS connection (1): api.telegram.org:443
DEBUG    [2020-11-26 20:06:35,946] https://api.telegram.org:443 "POST /bot1334671115:AAHoElmw-syingf5BVwU2_oFmg68SFMi9NE/sendMessage?chat_id=388769544&text=list+index+out+of+range&reply_to_message_id=262 HTTP/1.1" 200 611
DEBUG    [2020-11-26 20:06:55,913] https://api.telegram.org:443 "GET /bot1334671115:AAHoElmw-syingf5BVwU2_oFmg68SFMi9NE/getUpdates?offset=867612593&timeout=20 HTTP/1.1" 200 23
